JVM info: Eclipse Adoptium - 25.0.1 - 25.0.1+8-LTS
java.net.preferIPv4Stack=true
Current Time: 24/07/2026 00:49:39
Host: maven.neoforged.net [37.19.194.81, 195.181.170.18, 79.127.216.204, 195.181.175.41, 79.127.211.89, 212.102.56.178]
Host: libraries.minecraft.net [150.171.109.35]
Host: launchermeta.mojang.com [150.171.109.35]
Host: piston-meta.mojang.com [150.171.109.35]
Host: sessionserver.mojang.com [150.171.109.35]
Found java version 25.0.1
Target Directory: C:\Users\treem\AppData\Local\Temp\ef-neoforge\26.2
Following redirect: https://neoforged.net/mirrorlist.json
Considering Minecraft server jar
Downloading library from https://piston-meta.mojang.com/v1/packages/d98675ecc24364e90b18dbea80390b1345c3f71f/26.2.json
	Download completed: Checksum validated.
Downloading library from https://piston-data.mojang.com/v1/objects/823e2250d24b3ddac457a60c92a6a941943fcd6a/server.jar
	Download completed: Checksum validated.
Downloading libraries
Found 2 additional library directories
Considering library net.neoforged.fancymodloader:earlydisplay:11.0.13
Downloading library from https://maven.neoforged.net/releases/net/neoforged/fancymodloader/earlydisplay/11.0.13/earlydisplay-11.0.13.jar
	Download completed: Checksum validated.
Considering library net.neoforged.fancymodloader:loader:11.0.13
Downloading library from https://maven.neoforged.net/releases/net/neoforged/fancymodloader/loader/11.0.13/loader-11.0.13.jar
	Download completed: Checksum validated.
Considering library net.neoforged:accesstransformers:11.0.2
Downloaded file locally from C:\Users\treem\AppData\Roaming\.minecraft\libraries\net\neoforged\accesstransformers\11.0.2\accesstransformers-11.0.2.jar, valid checksum.
Considering library org.ow2.asm:asm-commons:9.9.1
Downloading library from https://maven.neoforged.net/releases/org/ow2/asm/asm-commons/9.9.1/asm-commons-9.9.1.jar
	Download completed: Checksum validated.
Considering library net.neoforged:mergetool:2.0.7:api
Downloading library from https://maven.neoforged.net/releases/net/neoforged/mergetool/2.0.7/mergetool-2.0.7-api.jar
	Download completed: Checksum validated.
Considering library org.ow2.asm:asm-util:9.9.1
Downloading library from https://maven.neoforged.net/releases/org/ow2/asm/asm-util/9.9.1/asm-util-9.9.1.jar
	Download completed: Checksum validated.
Considering library org.ow2.asm:asm-analysis:9.9.1
Downloading library from https://maven.neoforged.net/releases/org/ow2/asm/asm-analysis/9.9.1/asm-analysis-9.9.1.jar
	Download completed: Checksum validated.
Considering library org.ow2.asm:asm-tree:9.9.1
Downloading library from https://maven.neoforged.net/releases/org/ow2/asm/asm-tree/9.9.1/asm-tree-9.9.1.jar
	Download completed: Checksum validated.
Considering library net.neoforged:bus:8.0.5
Downloaded file locally from C:\Users\treem\AppData\Roaming\.minecraft\libraries\net\neoforged\bus\8.0.5\bus-8.0.5.jar, valid checksum.
Considering library org.ow2.asm:asm:9.9.1
Downloading library from https://maven.neoforged.net/releases/org/ow2/asm/asm/9.9.1/asm-9.9.1.jar
	Download completed: Checksum validated.
Considering library com.electronwill.night-config:toml:3.8.3
Downloaded file locally from C:\Users\treem\AppData\Roaming\.minecraft\libraries\com\electronwill\night-config\toml\3.8.3\toml-3.8.3.jar, valid checksum.
Considering library com.electronwill.night-config:core:3.8.3
Downloaded file locally from C:\Users\treem\AppData\Roaming\.minecraft\libraries\com\electronwill\night-config\core\3.8.3\core-3.8.3.jar, valid checksum.
Considering library net.neoforged:JarJarSelector:0.5.0
Downloading library from https://maven.neoforged.net/releases/net/neoforged/JarJarSelector/0.5.0/JarJarSelector-0.5.0.jar
	Download completed: Checksum validated.
Considering library net.neoforged:JarJarMetadata:0.5.0
Downloading library from https://maven.neoforged.net/releases/net/neoforged/JarJarMetadata/0.5.0/JarJarMetadata-0.5.0.jar
	Download completed: Checksum validated.
Considering library org.apache.maven:maven-artifact:3.9.9
Downloaded file locally from C:\Users\treem\AppData\Roaming\.minecraft\libraries\org\apache\maven\maven-artifact\3.9.9\maven-artifact-3.9.9.jar, valid checksum.
Considering library net.jodah:typetools:0.6.3
Downloaded file locally from C:\Users\treem\AppData\Roaming\.minecraft\libraries\net\jodah\typetools\0.6.3\typetools-0.6.3.jar, valid checksum.
Considering library net.minecrell:terminalconsoleappender:1.3.0
Downloaded file locally from C:\Users\treem\AppData\Roaming\.minecraft\libraries\net\minecrell\terminalconsoleappender\1.3.0\terminalconsoleappender-1.3.0.jar, valid checksum.
Considering library net.fabricmc:sponge-mixin:0.17.3+mixin.0.8.7
Downloading library from https://maven.neoforged.net/releases/net/fabricmc/sponge-mixin/0.17.3+mixin.0.8.7/sponge-mixin-0.17.3+mixin.0.8.7.jar
	Download completed: Checksum validated.
Considering library net.neoforged.accesstransformers:at-parser:11.0.2
Downloaded file locally from C:\Users\treem\AppData\Roaming\.minecraft\libraries\net\neoforged\accesstransformers\at-parser\11.0.2\at-parser-11.0.2.jar, valid checksum.
Considering library org.jline:jline-reader:3.20.0
Downloaded file locally from C:\Users\treem\AppData\Roaming\.minecraft\libraries\org\jline\jline-reader\3.20.0\jline-reader-3.20.0.jar, valid checksum.
Considering library org.jline:jline-terminal:3.20.0
Downloaded file locally from C:\Users\treem\AppData\Roaming\.minecraft\libraries\org\jline\jline-terminal\3.20.0\jline-terminal-3.20.0.jar, valid checksum.
Considering library net.neoforged:srgutils:1.0.10
Downloading library from https://maven.neoforged.net/releases/net/neoforged/srgutils/1.0.10/srgutils-1.0.10.jar
	Download completed: Checksum validated.
Considering library com.google.guava:listenablefuture:9999.0-empty-to-avoid-conflict-with-guava
Downloaded file locally from C:\Users\treem\AppData\Roaming\.minecraft\libraries\com\google\guava\listenablefuture\9999.0-empty-to-avoid-conflict-with-guava\listenablefuture-9999.0-empty-to-avoid-conflict-with-guava.jar, valid checksum.
Considering library com.google.errorprone:error_prone_annotations:2.48.0
Downloading library from https://libraries.minecraft.net/com/google/errorprone/error_prone_annotations/2.48.0/error_prone_annotations-2.48.0.jar
	Download completed: Checksum validated.
Considering library com.google.j2objc:j2objc-annotations:3.1
Downloading library from https://libraries.minecraft.net/com/google/j2objc/j2objc-annotations/3.1/j2objc-annotations-3.1.jar
	Download completed: Checksum validated.
Considering library org.codehaus.plexus:plexus-utils:3.5.1
Downloaded file locally from C:\Users\treem\AppData\Roaming\.minecraft\libraries\org\codehaus\plexus\plexus-utils\3.5.1\plexus-utils-3.5.1.jar, valid checksum.
Considering library net.neoforged.fancymodloader:earlydisplay:11.0.13
File C:\Users\treem\AppData\Local\Temp\ef-neoforge\26.2\libraries\net\neoforged\fancymodloader\earlydisplay\11.0.13\earlydisplay-11.0.13.jar exists. Checksum valid.
Considering library net.neoforged.fancymodloader:loader:11.0.13
File C:\Users\treem\AppData\Local\Temp\ef-neoforge\26.2\libraries\net\neoforged\fancymodloader\loader\11.0.13\loader-11.0.13.jar exists. Checksum valid.
Considering library net.neoforged:accesstransformers:11.0.2
File C:\Users\treem\AppData\Local\Temp\ef-neoforge\26.2\libraries\net\neoforged\accesstransformers\11.0.2\accesstransformers-11.0.2.jar exists. Checksum valid.
Considering library org.ow2.asm:asm-commons:9.9.1
File C:\Users\treem\AppData\Local\Temp\ef-neoforge\26.2\libraries\org\ow2\asm\asm-commons\9.9.1\asm-commons-9.9.1.jar exists. Checksum valid.
Considering library net.neoforged:mergetool:2.0.7:api
File C:\Users\treem\AppData\Local\Temp\ef-neoforge\26.2\libraries\net\neoforged\mergetool\2.0.7\mergetool-2.0.7-api.jar exists. Checksum valid.
Considering library org.ow2.asm:asm-util:9.9.1
File C:\Users\treem\AppData\Local\Temp\ef-neoforge\26.2\libraries\org\ow2\asm\asm-util\9.9.1\asm-util-9.9.1.jar exists. Checksum valid.
Considering library org.ow2.asm:asm-analysis:9.9.1
File C:\Users\treem\AppData\Local\Temp\ef-neoforge\26.2\libraries\org\ow2\asm\asm-analysis\9.9.1\asm-analysis-9.9.1.jar exists. Checksum valid.
Considering library org.ow2.asm:asm-tree:9.9.1
File C:\Users\treem\AppData\Local\Temp\ef-neoforge\26.2\libraries\org\ow2\asm\asm-tree\9.9.1\asm-tree-9.9.1.jar exists. Checksum valid.
Considering library net.neoforged:bus:8.0.5
File C:\Users\treem\AppData\Local\Temp\ef-neoforge\26.2\libraries\net\neoforged\bus\8.0.5\bus-8.0.5.jar exists. Checksum valid.
Considering library org.ow2.asm:asm:9.9.1
File C:\Users\treem\AppData\Local\Temp\ef-neoforge\26.2\libraries\org\ow2\asm\asm\9.9.1\asm-9.9.1.jar exists. Checksum valid.
Considering library com.electronwill.night-config:toml:3.8.3
File C:\Users\treem\AppData\Local\Temp\ef-neoforge\26.2\libraries\com\electronwill\night-config\toml\3.8.3\toml-3.8.3.jar exists. Checksum valid.
Considering library com.electronwill.night-config:core:3.8.3
File C:\Users\treem\AppData\Local\Temp\ef-neoforge\26.2\libraries\com\electronwill\night-config\core\3.8.3\core-3.8.3.jar exists. Checksum valid.
Considering library net.neoforged:JarJarSelector:0.5.0
File C:\Users\treem\AppData\Local\Temp\ef-neoforge\26.2\libraries\net\neoforged\JarJarSelector\0.5.0\JarJarSelector-0.5.0.jar exists. Checksum valid.
Considering library net.neoforged:JarJarMetadata:0.5.0
File C:\Users\treem\AppData\Local\Temp\ef-neoforge\26.2\libraries\net\neoforged\JarJarMetadata\0.5.0\JarJarMetadata-0.5.0.jar exists. Checksum valid.
Considering library org.apache.maven:maven-artifact:3.9.9
File C:\Users\treem\AppData\Local\Temp\ef-neoforge\26.2\libraries\org\apache\maven\maven-artifact\3.9.9\maven-artifact-3.9.9.jar exists. Checksum valid.
Considering library net.jodah:typetools:0.6.3
File C:\Users\treem\AppData\Local\Temp\ef-neoforge\26.2\libraries\net\jodah\typetools\0.6.3\typetools-0.6.3.jar exists. Checksum valid.
Considering library net.minecrell:terminalconsoleappender:1.3.0
File C:\Users\treem\AppData\Local\Temp\ef-neoforge\26.2\libraries\net\minecrell\terminalconsoleappender\1.3.0\terminalconsoleappender-1.3.0.jar exists. Checksum valid.
Considering library net.fabricmc:sponge-mixin:0.17.3+mixin.0.8.7
File C:\Users\treem\AppData\Local\Temp\ef-neoforge\26.2\libraries\net\fabricmc\sponge-mixin\0.17.3+mixin.0.8.7\sponge-mixin-0.17.3+mixin.0.8.7.jar exists. Checksum valid.
Considering library net.neoforged.accesstransformers:at-parser:11.0.2
File C:\Users\treem\AppData\Local\Temp\ef-neoforge\26.2\libraries\net\neoforged\accesstransformers\at-parser\11.0.2\at-parser-11.0.2.jar exists. Checksum valid.
Considering library org.jline:jline-reader:3.20.0
File C:\Users\treem\AppData\Local\Temp\ef-neoforge\26.2\libraries\org\jline\jline-reader\3.20.0\jline-reader-3.20.0.jar exists. Checksum valid.
Considering library org.jline:jline-terminal:3.20.0
File C:\Users\treem\AppData\Local\Temp\ef-neoforge\26.2\libraries\org\jline\jline-terminal\3.20.0\jline-terminal-3.20.0.jar exists. Checksum valid.
Considering library org.lwjgl:lwjgl-tinyfd:3.4.1
Downloading library from https://libraries.minecraft.net/org/lwjgl/lwjgl-tinyfd/3.4.1/lwjgl-tinyfd-3.4.1.jar
	Download completed: Checksum validated.
Considering library net.neoforged:srgutils:1.0.10
File C:\Users\treem\AppData\Local\Temp\ef-neoforge\26.2\libraries\net\neoforged\srgutils\1.0.10\srgutils-1.0.10.jar exists. Checksum valid.
Considering library com.google.guava:listenablefuture:9999.0-empty-to-avoid-conflict-with-guava
File C:\Users\treem\AppData\Local\Temp\ef-neoforge\26.2\libraries\com\google\guava\listenablefuture\9999.0-empty-to-avoid-conflict-with-guava\listenablefuture-9999.0-empty-to-avoid-conflict-with-guava.jar exists. Checksum valid.
Considering library com.google.errorprone:error_prone_annotations:2.48.0
File C:\Users\treem\AppData\Local\Temp\ef-neoforge\26.2\libraries\com\google\errorprone\error_prone_annotations\2.48.0\error_prone_annotations-2.48.0.jar exists. Checksum valid.
Considering library com.google.j2objc:j2objc-annotations:3.1
File C:\Users\treem\AppData\Local\Temp\ef-neoforge\26.2\libraries\com\google\j2objc\j2objc-annotations\3.1\j2objc-annotations-3.1.jar exists. Checksum valid.
Considering library org.codehaus.plexus:plexus-utils:3.5.1
File C:\Users\treem\AppData\Local\Temp\ef-neoforge\26.2\libraries\org\codehaus\plexus\plexus-utils\3.5.1\plexus-utils-3.5.1.jar exists. Checksum valid.
Considering library net.neoforged.installertools:installertools:4.0.12:fatjar
Downloading library from https://maven.neoforged.net/releases/net/neoforged/installertools/installertools/4.0.12/installertools-4.0.12-fatjar.jar
	Download completed: Checksum validated.
Considering library net.neoforged:neoforge:26.2.0.32-beta:universal
Downloading library from https://maven.neoforged.net/releases/net/neoforged/neoforge/26.2.0.32-beta/neoforge-26.2.0.32-beta-universal.jar
	Download completed: Checksum validated.
Created Temporary Directory: C:\Users\treem\AppData\Local\Temp\neoforge_installer11201371341825175916
  Extracting: /data/client.lzma
Building Processors
===============================================================================
Processor: net.neoforged.installertools:installertools -> EXTRACT_FILES
  MainClass: net.neoforged.installertools.ConsoleTool
  Classpath:
    C:\Users\treem\AppData\Local\Temp\ef-neoforge\26.2\libraries\net\neoforged\installertools\installertools\4.0.12\installertools-4.0.12-fatjar.jar
    C:\Users\treem\AppData\Local\Temp\ef-neoforge\26.2\libraries\net\neoforged\installertools\installertools\4.0.12\installertools-4.0.12-fatjar.jar
  Args: --task, EXTRACT_FILES, --archive, C:\Users\treem\AppData\Local\Temp\ef-neoforge\26.2\installer.jar, --from, data/run.sh, --to, C:\Users\treem\AppData\Local\Temp\ef-neoforge\26.2/run.sh, --exec, C:\Users\treem\AppData\Local\Temp\ef-neoforge\26.2/run.sh, --from, data/run.bat, --to, C:\Users\treem\AppData\Local\Temp\ef-neoforge\26.2/run.bat, --from, data/user_jvm_args.txt, --to, C:\Users\treem\AppData\Local\Temp\ef-neoforge\26.2/user_jvm_args.txt, --optional, C:\Users\treem\AppData\Local\Temp\ef-neoforge\26.2/user_jvm_args.txt, --from, data/win_args.txt, --to, C:\Users\treem\AppData\Local\Temp\ef-neoforge\26.2/libraries/net/neoforged/neoforge/26.2.0.32-beta/win_args.txt, --from, data/unix_args.txt, --to, C:\Users\treem\AppData\Local\Temp\ef-neoforge\26.2/libraries/net/neoforged/neoforge/26.2.0.32-beta/unix_args.txt
Task: EXTRACT_FILES
Archive: C:\Users\treem\AppData\Local\Temp\ef-neoforge\26.2\installer.jar
Extract: data/run.sh
         C:\Users\treem\AppData\Local\Temp\ef-neoforge\26.2\run.sh
Extract: data/run.bat
         C:\Users\treem\AppData\Local\Temp\ef-neoforge\26.2\run.bat
Extract: data/user_jvm_args.txt
         C:\Users\treem\AppData\Local\Temp\ef-neoforge\26.2\user_jvm_args.txt
Extract: data/win_args.txt
         C:\Users\treem\AppData\Local\Temp\ef-neoforge\26.2\libraries\net\neoforged\neoforge\26.2.0.32-beta\win_args.txt
Extract: data/unix_args.txt
         C:\Users\treem\AppData\Local\Temp\ef-neoforge\26.2\libraries\net\neoforged\neoforge\26.2.0.32-beta\unix_args.txt
Exec:    C:\Users\treem\AppData\Local\Temp\ef-neoforge\26.2\run.sh
===============================================================================
Processor: net.neoforged.installertools:installertools -> PROCESS_MINECRAFT_JAR
  MainClass: net.neoforged.installertools.ConsoleTool
  Classpath:
    C:\Users\treem\AppData\Local\Temp\ef-neoforge\26.2\libraries\net\neoforged\installertools\installertools\4.0.12\installertools-4.0.12-fatjar.jar
    C:\Users\treem\AppData\Local\Temp\ef-neoforge\26.2\libraries\net\neoforged\installertools\installertools\4.0.12\installertools-4.0.12-fatjar.jar
  Args: --task, PROCESS_MINECRAFT_JAR, --no-mod-manifest, --input, C:\Users\treem\AppData\Local\Temp\ef-neoforge\26.2\libraries\net\minecraft\server\26.2\server-26.2.jar, --output, C:\Users\treem\AppData\Local\Temp\ef-neoforge\26.2\libraries\net\neoforged\minecraft-server-patched\26.2.0.32-beta\minecraft-server-patched-26.2.0.32-beta.jar, --extract-libraries-to, C:\Users\treem\AppData\Local\Temp\ef-neoforge\26.2/libraries/, --apply-patches, C:\Users\treem\AppData\Local\Temp\neoforge_installer11201371341825175916\data\client.lzma
Task: PROCESS_MINECRAFT_JAR
load patch bundle [352ms]
load input zip [1437ms]
applying patches [254ms]
write output file [1497ms]
overall work [3197ms]
The server installed successfully
You can delete this installer file now if you wish
